{"/Users/stalinchristopherdsouza/Documents/react-native-projects/ct-react-native-template/templates/ExpoTemplate/src/query/queryClient.ts": {"path":"/Users/stalinchristopherdsouza/Documents/react-native-projects/ct-react-native-template/templates/ExpoTemplate/src/query/queryClient.ts","statementMap":{"0":{"start":{"line":3,"column":27},"end":{"line":14,"column":2}}},"fnMap":{},"branchMap":{},"s":{"0":1},"f":{},"b":{},"_coverageSchema":"1a1c01bbd47fc00a2c39e90264f33305004495a9","hash":"5a62eb191b96def1bd9e1355d2fe77809804c1c7"}
,"/Users/stalinchristopherdsouza/Documents/react-native-projects/ct-react-native-template/templates/ExpoTemplate/src/theme/AppColors.ts": {"path":"/Users/stalinchristopherdsouza/Documents/react-native-projects/ct-react-native-template/templates/ExpoTemplate/src/theme/AppColors.ts","statementMap":{},"fnMap":{},"branchMap":{},"s":{},"f":{},"b":{}}
,"/Users/stalinchristopherdsouza/Documents/react-native-projects/ct-react-native-template/templates/ExpoTemplate/src/third-party/i18n/getDeviceLanguageTag.ts": {"path":"/Users/stalinchristopherdsouza/Documents/react-native-projects/ct-react-native-template/templates/ExpoTemplate/src/third-party/i18n/getDeviceLanguageTag.ts","statementMap":{"0":{"start":{"line":4,"column":15},"end":{"line":4,"column":27}},"1":{"start":{"line":5,"column":2},"end":{"line":5,"column":38}}},"fnMap":{"0":{"name":"getDeviceLanguageTag","decl":{"start":{"line":3,"column":16},"end":{"line":3,"column":36}},"loc":{"start":{"line":3,"column":47},"end":{"line":6,"column":1}},"line":3}},"branchMap":{"0":{"loc":{"start":{"line":5,"column":9},"end":{"line":5,"column":37}},"type":"binary-expr","locations":[{"start":{"line":5,"column":9},"end":{"line":5,"column":29}},{"start":{"line":5,"column":33},"end":{"line":5,"column":37}}],"line":5}},"s":{"0":1,"1":1},"f":{"0":1},"b":{"0":[1,0]},"_coverageSchema":"1a1c01bbd47fc00a2c39e90264f33305004495a9","hash":"f8912e41e5a46bf427d0595380e491e06efacb44"}
,"/Users/stalinchristopherdsouza/Documents/react-native-projects/ct-react-native-template/templates/ExpoTemplate/src/third-party/i18n/i18n.ts": {"path":"/Users/stalinchristopherdsouza/Documents/react-native-projects/ct-react-native-template/templates/ExpoTemplate/src/third-party/i18n/i18n.ts","statementMap":{"0":{"start":{"line":11,"column":0},"end":{"line":23,"column":3}},"1":{"start":{"line":25,"column":0},"end":{"line":25,"column":40}}},"fnMap":{},"branchMap":{},"s":{"0":1,"1":1},"f":{},"b":{},"_coverageSchema":"1a1c01bbd47fc00a2c39e90264f33305004495a9","hash":"51a24455beae010afbe7b286f60a887cc6286b2f"}
}
